[0m19:00:10.108802 [debug] [MainThread]: Sending event: {'category': 'dbt', 'action': 'invocation', 'label': 'start', 'context': [<snowplow_tracker.self_describing_json.SelfDescribingJson object at 0x1118a9790>, <snowplow_tracker.self_describing_json.SelfDescribingJson object at 0x1106bd6a0>, <snowplow_tracker.self_describing_json.SelfDescribingJson object at 0x111c670e0>]}


============================== 19:00:10.139774 | 1b0cc63c-19cc-4e9b-9dc5-6e9b7a64379d ==============================
[0m19:00:10.139774 [info ] [MainThread]: Running with dbt=1.11.6
[0m19:00:10.140262 [debug] [MainThread]: running dbt with arguments {'empty': 'None', 'use_colors': 'True', 'write_json': 'True', 'version_check': 'True', 'static_parser': 'True', 'target_path': 'None', 'use_experimental_parser': 'False', 'debug': 'False', 'log_path': 'logs', 'send_anonymous_usage_stats': 'True', 'printer_width': '80', 'log_cache_events': 'False', 'quiet': 'False', 'introspect': 'True', 'indirect_selection': 'eager', 'warn_error_options': 'WarnErrorOptionsV2(error=[], warn=[], silence=[])', 'fail_fast': 'False', 'cache_selected_only': 'False', 'partial_parse': 'True', 'profiles_dir': '/Users/arun/.dbt', 'no_print': 'None', 'invocation_command': 'dbt init', 'log_format': 'default', 'warn_error': 'None'}
[0m19:00:16.193485 [debug] [MainThread]: Starter project path: /Users/arun/Documents/dbt/.venv/lib/python3.12/site-packages/dbt/include/starter_project
[0m19:00:16.209014 [info ] [MainThread]: 
Your new dbt project "dbt_databricks" was created!

For more information on how to configure the profiles.yml file,
please consult the dbt documentation here:

  https://docs.getdbt.com/docs/configure-your-profile

One more thing:

Need help? Don't hesitate to reach out to us via GitHub issues or on Slack:

  https://community.getdbt.com/

Happy modeling!

[0m19:00:16.209623 [info ] [MainThread]: Setting up your profile.
[0m19:00:32.575431 [debug] [MainThread]: Spark adapter: Setting pyhive.hive logging to ERROR
[0m19:00:32.575952 [debug] [MainThread]: Spark adapter: Setting thrift.transport logging to ERROR
[0m19:00:32.576197 [debug] [MainThread]: Spark adapter: Setting thrift.protocol logging to ERROR
[0m19:06:06.316354 [debug] [MainThread]: Sending event: {'category': 'dbt', 'action': 'invocation', 'label': 'start', 'context': [<snowplow_tracker.self_describing_json.SelfDescribingJson object at 0x1068b6930>, <snowplow_tracker.self_describing_json.SelfDescribingJson object at 0x106513650>, <snowplow_tracker.self_describing_json.SelfDescribingJson object at 0x1210674a0>]}


============================== 19:06:06.320790 | 060c11cc-ab8c-424e-b1ac-4ee7052bb681 ==============================
[0m19:06:06.320790 [info ] [MainThread]: Running with dbt=1.11.6
[0m19:06:06.321278 [debug] [MainThread]: running dbt with arguments {'use_experimental_parser': 'False', 'quiet': 'False', 'cache_selected_only': 'False', 'warn_error_options': 'WarnErrorOptionsV2(error=[], warn=[], silence=[])', 'send_anonymous_usage_stats': 'True', 'fail_fast': 'False', 'log_format': 'default', 'warn_error': 'None', 'profiles_dir': '/Users/arun/.dbt', 'log_cache_events': 'False', 'partial_parse': 'True', 'use_colors': 'True', 'static_parser': 'True', 'write_json': 'True', 'version_check': 'True', 'no_print': 'None', 'introspect': 'True', 'log_path': 'logs', 'printer_width': '80', 'indirect_selection': 'eager', 'target_path': 'None', 'debug': 'False', 'empty': 'None', 'invocation_command': 'dbt init'}
[0m19:06:11.005537 [info ] [MainThread]: A project called dbt_databricks already exists here.
[0m19:06:11.013168 [debug] [MainThread]: Resource report: {"command_name": "init", "command_success": true, "command_wall_clock_time": 4.766504, "process_in_blocks": "0", "process_kernel_time": 0.210599, "process_mem_max_rss": "111788032", "process_out_blocks": "0", "process_user_time": 1.103106}
[0m19:06:11.014401 [debug] [MainThread]: Command `dbt init` succeeded at 19:06:11.014232 after 4.77 seconds
[0m19:06:11.015065 [debug] [MainThread]: Sending event: {'category': 'dbt', 'action': 'invocation', 'label': 'end', 'context': [<snowplow_tracker.self_describing_json.SelfDescribingJson object at 0x1068b6930>, <snowplow_tracker.self_describing_json.SelfDescribingJson object at 0x106be4e00>, <snowplow_tracker.self_describing_json.SelfDescribingJson object at 0x106d2cc50>]}
[0m19:06:11.016042 [debug] [MainThread]: Flushing usage events
[0m19:06:12.055095 [debug] [MainThread]: An error was encountered while trying to flush usage events
[0m19:06:47.371343 [debug] [MainThread]: Sending event: {'category': 'dbt', 'action': 'invocation', 'label': 'start', 'context': [<snowplow_tracker.self_describing_json.SelfDescribingJson object at 0x104e6b440>, <snowplow_tracker.self_describing_json.SelfDescribingJson object at 0x10a96b950>, <snowplow_tracker.self_describing_json.SelfDescribingJson object at 0x10a96b560>]}


============================== 19:06:47.375679 | 5c16634f-3816-4fc7-9cd9-8f6cd34bbf26 ==============================
[0m19:06:47.375679 [info ] [MainThread]: Running with dbt=1.11.6
[0m19:06:47.376201 [debug] [MainThread]: running dbt with arguments {'invocation_command': 'dbt init', 'no_print': 'None', 'use_experimental_parser': 'False', 'quiet': 'False', 'warn_error_options': 'WarnErrorOptionsV2(error=[], warn=[], silence=[])', 'printer_width': '80', 'introspect': 'True', 'profiles_dir': '/Users/arun/.dbt', 'log_path': 'logs', 'log_cache_events': 'False', 'target_path': 'None', 'warn_error': 'None', 'send_anonymous_usage_stats': 'True', 'debug': 'False', 'indirect_selection': 'eager', 'fail_fast': 'False', 'empty': 'None', 'use_colors': 'True', 'cache_selected_only': 'False', 'write_json': 'True', 'log_format': 'default', 'version_check': 'True', 'static_parser': 'True', 'partial_parse': 'True'}
[0m19:06:51.832889 [debug] [MainThread]: Starter project path: /Users/arun/Documents/dbt/.venv/lib/python3.12/site-packages/dbt/include/starter_project
[0m19:06:51.860492 [info ] [MainThread]: 
Your new dbt project "dbt_databricks" was created!

For more information on how to configure the profiles.yml file,
please consult the dbt documentation here:

  https://docs.getdbt.com/docs/configure-your-profile

One more thing:

Need help? Don't hesitate to reach out to us via GitHub issues or on Slack:

  https://community.getdbt.com/

Happy modeling!

[0m19:06:51.861358 [info ] [MainThread]: Setting up your profile.
[0m19:06:58.649003 [debug] [MainThread]: Spark adapter: Setting pyhive.hive logging to ERROR
[0m19:06:58.649427 [debug] [MainThread]: Spark adapter: Setting thrift.transport logging to ERROR
[0m19:06:58.649684 [debug] [MainThread]: Spark adapter: Setting thrift.protocol logging to ERROR
[0m19:07:43.402519 [info ] [MainThread]: Profile dbt_databricks written to /Users/arun/.dbt/profiles.yml using target's profile_template.yml and your supplied values. Run 'dbt debug' to validate the connection.
[0m19:07:43.416740 [debug] [MainThread]: Resource report: {"command_name": "init", "command_success": true, "command_wall_clock_time": 56.105934, "process_in_blocks": "0", "process_kernel_time": 0.447997, "process_mem_max_rss": "224378880", "process_out_blocks": "0", "process_user_time": 2.201667}
[0m19:07:43.420087 [debug] [MainThread]: Command `dbt init` succeeded at 19:07:43.419838 after 56.11 seconds
[0m19:07:43.421117 [debug] [MainThread]: Sending event: {'category': 'dbt', 'action': 'invocation', 'label': 'end', 'context': [<snowplow_tracker.self_describing_json.SelfDescribingJson object at 0x104e6b440>, <snowplow_tracker.self_describing_json.SelfDescribingJson object at 0x1385e4650>, <snowplow_tracker.self_describing_json.SelfDescribingJson object at 0x11d176030>]}
[0m19:07:43.421789 [debug] [MainThread]: Flushing usage events
[0m19:07:44.472913 [debug] [MainThread]: An error was encountered while trying to flush usage events
[0m19:23:15.328223 [debug] [MainThread]: Sending event: {'category': 'dbt', 'action': 'invocation', 'label': 'start', 'context': [<snowplow_tracker.self_describing_json.SelfDescribingJson object at 0x106bf97c0>, <snowplow_tracker.self_describing_json.SelfDescribingJson object at 0x107913800>, <snowplow_tracker.self_describing_json.SelfDescribingJson object at 0x107913470>]}


============================== 19:23:15.332622 | 953a7291-f181-4ef7-89fc-e0f27c6a31b1 ==============================
[0m19:23:15.332622 [info ] [MainThread]: Running with dbt=1.11.6
[0m19:23:15.333131 [debug] [MainThread]: running dbt with arguments {'empty': 'None', 'warn_error': 'None', 'write_json': 'True', 'use_colors': 'True', 'use_experimental_parser': 'False', 'log_format': 'default', 'version_check': 'True', 'fail_fast': 'False', 'send_anonymous_usage_stats': 'True', 'warn_error_options': 'WarnErrorOptionsV2(error=[], warn=[], silence=[])', 'log_path': 'logs', 'indirect_selection': 'eager', 'printer_width': '80', 'partial_parse': 'True', 'profiles_dir': '/Users/arun/.dbt', 'introspect': 'True', 'cache_selected_only': 'False', 'log_cache_events': 'False', 'static_parser': 'True', 'debug': 'False', 'quiet': 'False', 'invocation_command': 'dbt init', 'target_path': 'None', 'no_print': 'None'}
[0m19:23:32.153981 [debug] [MainThread]: Starter project path: /Users/arun/Documents/dbt/.venv/lib/python3.12/site-packages/dbt/include/starter_project
[0m19:23:32.168790 [info ] [MainThread]: 
Your new dbt project "dbt_dev_dbricks" was created!

For more information on how to configure the profiles.yml file,
please consult the dbt documentation here:

  https://docs.getdbt.com/docs/configure-your-profile

One more thing:

Need help? Don't hesitate to reach out to us via GitHub issues or on Slack:

  https://community.getdbt.com/

Happy modeling!

[0m19:23:32.169557 [info ] [MainThread]: Setting up your profile.
[0m19:23:35.501181 [debug] [MainThread]: Spark adapter: Setting pyhive.hive logging to ERROR
[0m19:23:35.501579 [debug] [MainThread]: Spark adapter: Setting thrift.transport logging to ERROR
[0m19:23:35.501834 [debug] [MainThread]: Spark adapter: Setting thrift.protocol logging to ERROR
[0m19:24:27.198478 [info ] [MainThread]: Profile dbt_dev_dbricks written to /Users/arun/.dbt/profiles.yml using target's profile_template.yml and your supplied values. Run 'dbt debug' to validate the connection.
[0m19:24:27.209488 [debug] [MainThread]: Resource report: {"command_name": "init", "command_success": true, "command_wall_clock_time": 71.943756, "process_in_blocks": "0", "process_kernel_time": 0.454248, "process_mem_max_rss": "219922432", "process_out_blocks": "0", "process_user_time": 2.221592}
[0m19:24:27.211296 [debug] [MainThread]: Command `dbt init` succeeded at 19:24:27.211132 after 71.95 seconds
[0m19:24:27.212361 [debug] [MainThread]: Sending event: {'category': 'dbt', 'action': 'invocation', 'label': 'end', 'context': [<snowplow_tracker.self_describing_json.SelfDescribingJson object at 0x10f382840>, <snowplow_tracker.self_describing_json.SelfDescribingJson object at 0x10f208800>, <snowplow_tracker.self_describing_json.SelfDescribingJson object at 0x10e8a9a60>]}
[0m19:24:27.213408 [debug] [MainThread]: Flushing usage events
[0m19:24:28.201380 [debug] [MainThread]: An error was encountered while trying to flush usage events
[0m19:24:37.442299 [debug] [MainThread]: Sending event: {'category': 'dbt', 'action': 'invocation', 'label': 'start', 'context': [<snowplow_tracker.self_describing_json.SelfDescribingJson object at 0x108992db0>, <snowplow_tracker.self_describing_json.SelfDescribingJson object at 0x10906b650>, <snowplow_tracker.self_describing_json.SelfDescribingJson object at 0x10906b290>]}


============================== 19:24:37.446397 | d7244120-f4e3-4023-83a3-b9405ad6eb96 ==============================
[0m19:24:37.446397 [info ] [MainThread]: Running with dbt=1.11.6
[0m19:24:37.446859 [debug] [MainThread]: running dbt with arguments {'introspect': 'True', 'indirect_selection': 'eager', 'static_parser': 'True', 'use_colors': 'True', 'log_path': 'logs', 'warn_error_options': 'WarnErrorOptionsV2(error=[], warn=[], silence=[])', 'warn_error': 'None', 'target_path': 'None', 'fail_fast': 'False', 'version_check': 'True', 'no_print': 'None', 'empty': 'None', 'use_experimental_parser': 'False', 'debug': 'False', 'write_json': 'True', 'cache_selected_only': 'False', 'profiles_dir': '/Users/arun/.dbt', 'invocation_command': 'dbt debug', 'log_cache_events': 'False', 'partial_parse': 'True', 'quiet': 'False', 'log_format': 'default', 'printer_width': '80', 'send_anonymous_usage_stats': 'True'}
[0m19:24:37.460399 [info ] [MainThread]: dbt version: 1.11.6
[0m19:24:37.460723 [info ] [MainThread]: python version: 3.12.9
[0m19:24:37.460950 [info ] [MainThread]: python path: /Users/arun/Documents/dbt/.venv/bin/python3
[0m19:24:37.461369 [info ] [MainThread]: os info: macOS-26.3.1-arm64-arm-64bit
[0m19:24:38.218643 [debug] [MainThread]: Spark adapter: Setting pyhive.hive logging to ERROR
[0m19:24:38.219049 [debug] [MainThread]: Spark adapter: Setting thrift.transport logging to ERROR
[0m19:24:38.219300 [debug] [MainThread]: Spark adapter: Setting thrift.protocol logging to ERROR
[0m19:24:39.125013 [info ] [MainThread]: Using profiles dir at /Users/arun/.dbt
[0m19:24:39.125372 [info ] [MainThread]: Using profiles.yml file at /Users/arun/.dbt/profiles.yml
[0m19:24:39.125603 [info ] [MainThread]: Using dbt_project.yml file at /Users/arun/Documents/dbt/dbt_project.yml
[0m19:24:39.125858 [error] [MainThread]: Encountered an error:
Internal Error
  Profile should not be None if loading profile completed
[0m19:24:39.130462 [debug] [MainThread]: Resource report: {"command_name": "debug", "command_success": false, "command_wall_clock_time": 1.7516236, "process_in_blocks": "0", "process_kernel_time": 0.414041, "process_mem_max_rss": "226754560", "process_out_blocks": "0", "process_user_time": 2.245504}
[0m19:24:39.130943 [debug] [MainThread]: Command `dbt debug` failed at 19:24:39.130874 after 1.75 seconds
[0m19:24:39.131210 [debug] [MainThread]: Sending event: {'category': 'dbt', 'action': 'invocation', 'label': 'end', 'context': [<snowplow_tracker.self_describing_json.SelfDescribingJson object at 0x11014a540>, <snowplow_tracker.self_describing_json.SelfDescribingJson object at 0x10906b3e0>, <snowplow_tracker.self_describing_json.SelfDescribingJson object at 0x109069eb0>]}
[0m19:24:39.131492 [debug] [MainThread]: Flushing usage events
[0m19:24:40.103052 [debug] [MainThread]: An error was encountered while trying to flush usage events
[0m11:52:09.047461 [debug] [MainThread]: Sending event: {'category': 'dbt', 'action': 'invocation', 'label': 'start', 'context': [<snowplow_tracker.self_describing_json.SelfDescribingJson object at 0x1066a8c80>, <snowplow_tracker.self_describing_json.SelfDescribingJson object at 0x106cef9b0>, <snowplow_tracker.self_describing_json.SelfDescribingJson object at 0x106cef5c0>]}


============================== 11:52:09.051819 | fdbd39c1-d026-42cc-a232-ac78fc01b169 ==============================
[0m11:52:09.051819 [info ] [MainThread]: Running with dbt=1.11.6
[0m11:52:09.052289 [debug] [MainThread]: running dbt with arguments {'printer_width': '80', 'use_experimental_parser': 'False', 'no_print': 'None', 'empty': 'False', 'log_format': 'default', 'warn_error': 'None', 'log_cache_events': 'False', 'send_anonymous_usage_stats': 'True', 'target_path': 'None', 'write_json': 'True', 'introspect': 'True', 'log_path': 'logs', 'invocation_command': 'dbt run', 'version_check': 'True', 'profiles_dir': '/Users/arun/.dbt', 'use_colors': 'True', 'quiet': 'False', 'static_parser': 'True', 'indirect_selection': 'eager', 'partial_parse': 'True', 'debug': 'False', 'warn_error_options': 'WarnErrorOptionsV2(error=[], warn=[], silence=[])', 'fail_fast': 'False', 'cache_selected_only': 'False'}
[0m11:52:09.052748 [error] [MainThread]: Encountered an error:
Runtime Error
  No dbt_project.yml found at expected path /Users/arun/Documents/dbt/dbt_project.yml
  Verify that each entry within packages.yml (and their transitive dependencies) contains a file named dbt_project.yml
  
[0m11:52:09.055948 [debug] [MainThread]: Resource report: {"command_name": "run", "command_success": false, "command_wall_clock_time": 0.07390437, "process_in_blocks": "0", "process_kernel_time": 0.194462, "process_mem_max_rss": "110329856", "process_out_blocks": "0", "process_user_time": 1.094674}
[0m11:52:09.056548 [debug] [MainThread]: Command `dbt run` failed at 11:52:09.056463 after 0.07 seconds
[0m11:52:09.056816 [debug] [MainThread]: Sending event: {'category': 'dbt', 'action': 'invocation', 'label': 'end', 'context': [<snowplow_tracker.self_describing_json.SelfDescribingJson object at 0x106cef710>, <snowplow_tracker.self_describing_json.SelfDescribingJson object at 0x106cef7a0>, <snowplow_tracker.self_describing_json.SelfDescribingJson object at 0x106cef980>]}
[0m11:52:09.057083 [debug] [MainThread]: Flushing usage events
[0m11:52:09.981589 [debug] [MainThread]: An error was encountered while trying to flush usage events
[0m11:52:44.909524 [debug] [MainThread]: Sending event: {'category': 'dbt', 'action': 'invocation', 'label': 'start', 'context': [<snowplow_tracker.self_describing_json.SelfDescribingJson object at 0x1062acda0>, <snowplow_tracker.self_describing_json.SelfDescribingJson object at 0x105b6cd70>, <snowplow_tracker.self_describing_json.SelfDescribingJson object at 0x105b6ce00>]}


============================== 11:52:44.914362 | ae43533c-e1d6-4ad6-b13a-2e61c169d08d ==============================
[0m11:52:44.914362 [info ] [MainThread]: Running with dbt=1.11.6
[0m11:52:44.914873 [debug] [MainThread]: running dbt with arguments {'indirect_selection': 'eager', 'warn_error': 'None', 'log_format': 'default', 'send_anonymous_usage_stats': 'True', 'use_experimental_parser': 'False', 'warn_error_options': 'WarnErrorOptionsV2(error=[], warn=[], silence=[])', 'version_check': 'True', 'debug': 'False', 'cache_selected_only': 'False', 'introspect': 'True', 'printer_width': '80', 'partial_parse': 'True', 'invocation_command': 'dbt run', 'empty': 'False', 'log_cache_events': 'False', 'log_path': 'logs', 'target_path': 'None', 'write_json': 'True', 'static_parser': 'True', 'fail_fast': 'False', 'use_colors': 'True', 'profiles_dir': '/Users/arun/.dbt', 'no_print': 'None', 'quiet': 'False'}
[0m11:52:44.915368 [error] [MainThread]: Encountered an error:
Runtime Error
  No dbt_project.yml found at expected path /Users/arun/Documents/dbt/dbt_project.yml
  Verify that each entry within packages.yml (and their transitive dependencies) contains a file named dbt_project.yml
  
[0m11:52:44.918613 [debug] [MainThread]: Resource report: {"command_name": "run", "command_success": false, "command_wall_clock_time": 0.07811879, "process_in_blocks": "0", "process_kernel_time": 0.218948, "process_mem_max_rss": "108494848", "process_out_blocks": "0", "process_user_time": 1.195716}
[0m11:52:44.919088 [debug] [MainThread]: Command `dbt run` failed at 11:52:44.918994 after 0.08 seconds
[0m11:52:44.919377 [debug] [MainThread]: Sending event: {'category': 'dbt', 'action': 'invocation', 'label': 'end', 'context': [<snowplow_tracker.self_describing_json.SelfDescribingJson object at 0x105b6cd70>, <snowplow_tracker.self_describing_json.SelfDescribingJson object at 0x106c197c0>, <snowplow_tracker.self_describing_json.SelfDescribingJson object at 0x106c63b60>]}
[0m11:52:44.919661 [debug] [MainThread]: Flushing usage events
[0m11:52:46.128391 [debug] [MainThread]: An error was encountered while trying to flush usage events
[0m11:53:10.493637 [debug] [MainThread]: Sending event: {'category': 'dbt', 'action': 'invocation', 'label': 'start', 'context': [<snowplow_tracker.self_describing_json.SelfDescribingJson object at 0x106553260>, <snowplow_tracker.self_describing_json.SelfDescribingJson object at 0x11156b7a0>, <snowplow_tracker.self_describing_json.SelfDescribingJson object at 0x11156b560>]}


============================== 11:53:10.497847 | 9b0522a9-b8e3-49e6-a26d-cd0e38ae95cb ==============================
[0m11:53:10.497847 [info ] [MainThread]: Running with dbt=1.11.6
[0m11:53:10.498323 [debug] [MainThread]: running dbt with arguments {'log_format': 'default', 'static_parser': 'True', 'send_anonymous_usage_stats': 'True', 'version_check': 'True', 'write_json': 'True', 'fail_fast': 'False', 'log_path': 'logs', 'empty': 'False', 'warn_error': 'None', 'indirect_selection': 'eager', 'use_experimental_parser': 'False', 'partial_parse': 'True', 'printer_width': '80', 'warn_error_options': 'WarnErrorOptionsV2(error=[], warn=[], silence=[])', 'profiles_dir': '/Users/arun/.dbt', 'target_path': 'None', 'debug': 'False', 'invocation_command': 'dbt run', 'log_cache_events': 'False', 'introspect': 'True', 'cache_selected_only': 'False', 'quiet': 'False', 'no_print': 'None', 'use_colors': 'True'}
[0m11:53:10.498792 [error] [MainThread]: Encountered an error:
Runtime Error
  No dbt_project.yml found at expected path /Users/arun/Documents/dbt/dbt_project.yml
  Verify that each entry within packages.yml (and their transitive dependencies) contains a file named dbt_project.yml
  
[0m11:53:10.501543 [debug] [MainThread]: Resource report: {"command_name": "run", "command_success": false, "command_wall_clock_time": 0.068991795, "process_in_blocks": "0", "process_kernel_time": 0.174979, "process_mem_max_rss": "110723072", "process_out_blocks": "0", "process_user_time": 1.089154}
[0m11:53:10.501932 [debug] [MainThread]: Command `dbt run` failed at 11:53:10.501857 after 0.07 seconds
[0m11:53:10.502190 [debug] [MainThread]: Sending event: {'category': 'dbt', 'action': 'invocation', 'label': 'end', 'context': [<snowplow_tracker.self_describing_json.SelfDescribingJson object at 0x11156b680>, <snowplow_tracker.self_describing_json.SelfDescribingJson object at 0x11156b950>, <snowplow_tracker.self_describing_json.SelfDescribingJson object at 0x11156b7a0>]}
[0m11:53:10.502446 [debug] [MainThread]: Flushing usage events
[0m11:53:11.598403 [debug] [MainThread]: An error was encountered while trying to flush usage events
